#
# There is insufficient memory for the Java Runtime Environment to continue.
# Native memory allocation (malloc) failed to allocate 144496 bytes. Error detail: Chunk::new
# Possible reasons:
#   The system is out of physical RAM or swap space
#   This process is running with CompressedOops enabled, and the Java Heap may be blocking the growth of the native heap
# Possible solutions:
#   Reduce memory load on the system
#   Increase physical memory or swap space
#   Check if swap backing store is full
#   Decrease Java heap size (-Xmx/-Xms)
#   Decrease number of Java threads
#   Decrease Java thread stack sizes (-Xss)
#   Set larger code cache with -XX:ReservedCodeCacheSize=
#   JVM is running with Unscaled Compressed Oops mode in which the Java heap is
#     placed in the first 4GB address space. The Java Heap base address is the
#     maximum limit for the native heap growth. Please use -XX:HeapBaseMinAddress
#     to set the Java Heap base and to place the Java Heap above 4GB virtual address.
# This output file may be truncated or incomplete.
#
#  Out of Memory Error (arena.cpp:149), pid=24068, tid=25384
#
# JRE version: Java(TM) SE Runtime Environment (23.0.2+7) (build 23.0.2+7-58)
# Java VM: Java HotSpot(TM) 64-Bit Server VM (23.0.2+7-58, mixed mode, sharing, tiered, compressed oops, compressed class ptrs, g1 gc, windows-amd64)
# No core dump will be written. Minidumps are not enabled by default on client versions of Windows
#

---------------  S U M M A R Y ------------

Command Line: --enable-native-access=ALL-UNNAMED -Dclassworlds.conf=D:\Program Files\apache-maven-3.9.16-bin\apache-maven-3.9.16\bin\m2.conf -Dmaven.home=D:\Program Files\apache-maven-3.9.16-bin\apache-maven-3.9.16 -Dlibrary.jansi.path=D:\Program Files\apache-maven-3.9.16-bin\apache-maven-3.9.16\lib\jansi-native -Dmaven.multiModuleProjectDirectory=D:\College\Academics\Placement Training\Cognizant\Deepskilling\Week-9\account-service org.codehaus.plexus.classworlds.launcher.Launcher spring-boot:run

Host: 12th Gen Intel(R) Core(TM) i5-1235U, 12 cores, 7G,  Windows 11 , 64 bit Build 26100 (10.0.26100.8737)
Time: Sun Jul 12 12:46:19 2026 India Standard Time elapsed time: 9.117131 seconds (0d 0h 0m 9s)

---------------  T H R E A D  ---------------

Current thread (0x00000257ffa80000):  JavaThread "C2 CompilerThread0" daemon [_thread_in_native, id=25384, stack(0x000000edf7000000,0x000000edf7100000) (1024K)]


Current CompileTask:
C2:9117 4421   !   4       org.apache.maven.model.Plugin::clone (204 bytes)

Stack: [0x000000edf7000000,0x000000edf7100000]
Native frames: (J=compiled Java code, j=interpreted, Vv=VM code, C=native code)
V  [jvm.dll+0x6e0b99]  (no source info available)
V  [jvm.dll+0x87e2b3]  (no source info available)
V  [jvm.dll+0x88073e]  (no source info available)
V  [jvm.dll+0x880e13]  (no source info available)
V  [jvm.dll+0x27b006]  (no source info available)
V  [jvm.dll+0xbc06f]  (no source info available)
V  [jvm.dll+0xbc2cb]  (no source info available)
V  [jvm.dll+0x5e7c49]  (no source info available)
V  [jvm.dll+0x38a58a]  (no source info available)
V  [jvm.dll+0x3899ca]  (no source info available)
V  [jvm.dll+0x244ba1]  (no source info available)
V  [jvm.dll+0x243eff]  (no source info available)
V  [jvm.dll+0x1c34b0]  (no source info available)
V  [jvm.dll+0x253df1]  (no source info available)
V  [jvm.dll+0x2520aa]  (no source info available)
V  [jvm.dll+0x3ee226]  (no source info available)
V  [jvm.dll+0x8254cb]  (no source info available)
V  [jvm.dll+0x6df345]  (no source info available)
C  [ucrtbase.dll+0x2cd30]  (no source info available)
C  [KERNEL32.DLL+0x2e957]  (no source info available)
C  [ntdll.dll+0xaad6c]  (no source info available)

Lock stack of current Java thread (top to bottom):


---------------  P R O C E S S  ---------------

Threads class SMR info:
_java_thread_list=0x00000257d750c820, length=12, elements={
0x00000257f1e56720, 0x00000257ffa66b70, 0x00000257ffa695e0, 0x00000257ffa6e260,
0x00000257ffa6c820, 0x00000257ffa6d540, 0x00000257ffa6c190, 0x00000257ffa80000,
0x0000025791240090, 0x00000257ffa6dbd0, 0x00000257ffa6bb00, 0x00000257ffa6ceb0
}

Java Threads: ( => current thread )
  0x00000257f1e56720 JavaThread "main"                              [_thread_in_Java, id=22160, stack(0x000000edf6200000,0x000000edf6300000) (1024K)]
  0x00000257ffa66b70 JavaThread "Reference Handler"          daemon [_thread_blocked, id=25480, stack(0x000000edf6a00000,0x000000edf6b00000) (1024K)]
  0x00000257ffa695e0 JavaThread "Finalizer"                  daemon [_thread_blocked, id=9564, stack(0x000000edf6b00000,0x000000edf6c00000) (1024K)]
  0x00000257ffa6e260 JavaThread "Signal Dispatcher"          daemon [_thread_blocked, id=17912, stack(0x000000edf6c00000,0x000000edf6d00000) (1024K)]
  0x00000257ffa6c820 JavaThread "Attach Listener"            daemon [_thread_blocked, id=384, stack(0x000000edf6d00000,0x000000edf6e00000) (1024K)]
  0x00000257ffa6d540 JavaThread "Service Thread"             daemon [_thread_blocked, id=8176, stack(0x000000edf6e00000,0x000000edf6f00000) (1024K)]
  0x00000257ffa6c190 JavaThread "Monitor Deflation Thread"   daemon [_thread_blocked, id=8784, stack(0x000000edf6f00000,0x000000edf7000000) (1024K)]
=>0x00000257ffa80000 JavaThread "C2 CompilerThread0"         daemon [_thread_in_native, id=25384, stack(0x000000edf7000000,0x000000edf7100000) (1024K)]
  0x0000025791240090 JavaThread "C1 CompilerThread0"         daemon [_thread_blocked, id=20780, stack(0x000000edf7100000,0x000000edf7200000) (1024K)]
  0x00000257ffa6dbd0 JavaThread "Notification Thread"        daemon [_thread_blocked, id=9764, stack(0x000000edf7200000,0x000000edf7300000) (1024K)]
  0x00000257ffa6bb00 JavaThread "Common-Cleaner"             daemon [_thread_blocked, id=10020, stack(0x000000edf7300000,0x000000edf7400000) (1024K)]
  0x00000257ffa6ceb0 JavaThread "Thread-1"                   daemon [_thread_blocked, id=10156, stack(0x000000edf7c00000,0x000000edf7d00000) (1024K)]
Total: 12

Other Threads:
  0x00000257ffa4e380 VMThread "VM Thread"                           [id=12500, stack(0x000000edf6900000,0x000000edf6a00000) (1024K)]
  0x00000257ffa391c0 WatcherThread "VM Periodic Task Thread"        [id=4772, stack(0x000000edf6800000,0x000000edf6900000) (1024K)]
  0x00000257f4295fd0 WorkerThread "GC Thread#0"                     [id=20336, stack(0x000000edf6300000,0x000000edf6400000) (1024K)]
  0x00000257d734da70 WorkerThread "GC Thread#1"                     [id=2268, stack(0x000000edf7400000,0x000000edf7500000) (1024K)]
  0x00000257d73bca80 WorkerThread "GC Thread#2"                     [id=25296, stack(0x000000edf7500000,0x000000edf7600000) (1024K)]
  0x00000257d72146d0 WorkerThread "GC Thread#3"                     [id=1396, stack(0x000000edf7600000,0x000000edf7700000) (1024K)]
  0x00000257d7214a80 WorkerThread "GC Thread#4"                     [id=4984, stack(0x000000edf7700000,0x000000edf7800000) (1024K)]
  0x00000257d7214e30 WorkerThread "GC Thread#5"                     [id=27364, stack(0x000000edf7800000,0x000000edf7900000) (1024K)]
  0x00000257d72151e0 WorkerThread "GC Thread#6"                     [id=13124, stack(0x000000edf7900000,0x000000edf7a00000) (1024K)]
  0x00000257d721b5b0 WorkerThread "GC Thread#7"                     [id=3764, stack(0x000000edf7a00000,0x000000edf7b00000) (1024K)]
  0x00000257d73530f0 WorkerThread "GC Thread#8"                     [id=25280, stack(0x000000edf7b00000,0x000000edf7c00000) (1024K)]
  0x00000257d75d7300 WorkerThread "GC Thread#9"                     [id=13532, stack(0x000000edf7d00000,0x000000edf7e00000) (1024K)]
  0x00000257f42ac210 ConcurrentGCThread "G1 Main Marker"            [id=11152, stack(0x000000edf6400000,0x000000edf6500000) (1024K)]
  0x00000257f42acb30 WorkerThread "G1 Conc#0"                       [id=7192, stack(0x000000edf6500000,0x000000edf6600000) (1024K)]
  0x00000257ff90e580 ConcurrentGCThread "G1 Refine#0"               [id=9512, stack(0x000000edf6600000,0x000000edf6700000) (1024K)]
  0x00000257ff90edb0 ConcurrentGCThread "G1 Service"                [id=6424, stack(0x000000edf6700000,0x000000edf6800000) (1024K)]
Total: 16

Threads with active compile tasks:
C2 CompilerThread0  9309 4421   !   4       org.apache.maven.model.Plugin::clone (204 bytes)
Total: 1

VM state: not at safepoint (normal execution)

VM Mutex/Monitor currently owned by a thread: None

Heap address: 0x0000000084e00000, size: 1970 MB, Compressed Oops mode: 32-bit

CDS archive(s) mapped at: [0x0000025792000000-0x0000025792d70000-0x0000025792d70000), size 14090240, SharedBaseAddress: 0x0000025792000000, ArchiveRelocationMode: 1.
Compressed class space mapped at: 0x0000025793000000-0x00000257d3000000, reserved size: 1073741824
Narrow klass base: 0x0000025792000000, Narrow klass shift: 0, Narrow klass range: 0x41000000

GC Precious Log:
 CardTable entry size: 512
 Card Set container configuration: InlinePtr #cards 5 size 8 Array Of Cards #cards 10 size 36 Howl #buckets 4 coarsen threshold 1843 Howl Bitmap #cards 512 size 80 coarsen threshold 460 Card regions per heap region 1 cards per card region 2048
 CPUs: 12 total, 12 available
 Memory: 7876M
 Large Page Support: Disabled
 NUMA Support: Disabled
 Compressed Oops: Enabled (32-bit)
 Heap Region Size: 1M
 Heap Min Capacity: 8M
 Heap Initial Capacity: 124M
 Heap Max Capacity: 1970M
 Pre-touch: Disabled
 Parallel Workers: 10
 Concurrent Workers: 3
 Concurrent Refinement Workers: 10
 Periodic GC: Disabled

Heap:
 garbage-first heap   total reserved 2017280K, committed 126976K, used 17732K [0x0000000084e00000, 0x0000000100000000)
  region size 1024K, 9 young (9216K), 6 survivors (6144K)
 Metaspace       used 16123K, committed 16384K, reserved 1114112K
  class space    used 1945K, committed 2048K, reserved 1048576K

Heap Regions: E=young(eden), S=young(survivor), O=old, HS=humongous(starts), HC=humongous(continues), CS=collection set, F=free, TAMS=top-at-mark-start, PB=parsable bottom
|   0|0x0000000084e00000, 0x0000000084f00000, 0x0000000084f00000|100%| O|  |TAMS 0x0000000084e00000| PB 0x0000000084e00000| Untracked |  0
|   1|0x0000000084f00000, 0x0000000085000000, 0x0000000085000000|100%| O|  |TAMS 0x0000000084f00000| PB 0x0000000084f00000| Untracked |  0
|   2|0x0000000085000000, 0x0000000085100000, 0x0000000085100000|100%| O|  |TAMS 0x0000000085000000| PB 0x0000000085000000| Untracked |  0
|   3|0x0000000085100000, 0x0000000085200000, 0x0000000085200000|100%| O|  |TAMS 0x0000000085100000| PB 0x0000000085100000| Untracked |  0
|   4|0x0000000085200000, 0x0000000085300000, 0x0000000085300000|100%| O|  |TAMS 0x0000000085200000| PB 0x0000000085200000| Untracked |  0
|   5|0x0000000085300000, 0x0000000085400000, 0x0000000085400000|100%| O|  |TAMS 0x0000000085300000| PB 0x0000000085300000| Untracked |  0
|   6|0x0000000085400000, 0x0000000085500000, 0x0000000085500000|100%| O|  |TAMS 0x0000000085400000| PB 0x0000000085400000| Untracked |  0
|   7|0x0000000085500000, 0x0000000085600000, 0x0000000085600000|100%| O|  |TAMS 0x0000000085500000| PB 0x0000000085500000| Untracked |  0
|   8|0x0000000085600000, 0x0000000085700000, 0x0000000085700000|100%| O|  |TAMS 0x0000000085600000| PB 0x0000000085600000| Untracked |  0
|   9|0x0000000085700000, 0x00000000857d9080, 0x0000000085800000| 84%| O|  |TAMS 0x0000000085700000| PB 0x0000000085700000| Untracked |  0
|  10|0x0000000085800000, 0x0000000085800000, 0x0000000085900000|  0%| F|  |TAMS 0x0000000085800000| PB 0x0000000085800000| Untracked |  0
|  11|0x0000000085900000, 0x0000000085900000, 0x0000000085a00000|  0%| F|  |TAMS 0x0000000085900000| PB 0x0000000085900000| Untracked |  0
|  12|0x0000000085a00000, 0x0000000085a00000, 0x0000000085b00000|  0%| F|  |TAMS 0x0000000085a00000| PB 0x0000000085a00000| Untracked |  0
|  13|0x0000000085b00000, 0x0000000085b00000, 0x0000000085c00000|  0%| F|  |TAMS 0x0000000085b00000| PB 0x0000000085b00000| Untracked |  0
|  14|0x0000000085c00000, 0x0000000085c00000, 0x0000000085d00000|  0%| F|  |TAMS 0x0000000085c00000| PB 0x0000000085c00000| Untracked |  0
|  15|0x0000000085d00000, 0x0000000085d00000, 0x0000000085e00000|  0%| F|  |TAMS 0x0000000085d00000| PB 0x0000000085d00000| Untracked |  0
|  16|0x0000000085e00000, 0x0000000085e00000, 0x0000000085f00000|  0%| F|  |TAMS 0x0000000085e00000| PB 0x0000000085e00000| Untracked |  0
|  17|0x0000000085f00000, 0x0000000085f00000, 0x0000000086000000|  0%| F|  |TAMS 0x0000000085f00000| PB 0x0000000085f00000| Untracked |  0
|  18|0x0000000086000000, 0x0000000086000000, 0x0000000086100000|  0%| F|  |TAMS 0x0000000086000000| PB 0x0000000086000000| Untracked |  0
|  19|0x0000000086100000, 0x0000000086100000, 0x0000000086200000|  0%| F|  |TAMS 0x0000000086100000| PB 0x0000000086100000| Untracked |  0
|  20|0x0000000086200000, 0x0000000086200000, 0x0000000086300000|  0%| F|  |TAMS 0x0000000086200000| PB 0x0000000086200000| Untracked |  0
|  21|0x0000000086300000, 0x0000000086300000, 0x0000000086400000|  0%| F|  |TAMS 0x0000000086300000| PB 0x0000000086300000| Untracked |  0
|  22|0x0000000086400000, 0x0000000086400000, 0x0000000086500000|  0%| F|  |TAMS 0x0000000086400000| PB 0x0000000086400000| Untracked |  0
|  23|0x0000000086500000, 0x0000000086500000, 0x0000000086600000|  0%| F|  |TAMS 0x0000000086500000| PB 0x0000000086500000| Untracked |  0
|  24|0x0000000086600000, 0x0000000086600000, 0x0000000086700000|  0%| F|  |TAMS 0x0000000086600000| PB 0x0000000086600000| Untracked |  0
|  25|0x0000000086700000, 0x0000000086700000, 0x0000000086800000|  0%| F|  |TAMS 0x0000000086700000| PB 0x0000000086700000| Untracked |  0
|  26|0x0000000086800000, 0x0000000086800000, 0x0000000086900000|  0%| F|  |TAMS 0x0000000086800000| PB 0x0000000086800000| Untracked |  0
|  27|0x0000000086900000, 0x0000000086900000, 0x0000000086a00000|  0%| F|  |TAMS 0x0000000086900000| PB 0x0000000086900000| Untracked |  0
|  28|0x0000000086a00000, 0x0000000086a00000, 0x0000000086b00000|  0%| F|  |TAMS 0x0000000086a00000| PB 0x0000000086a00000| Untracked |  0
|  29|0x0000000086b00000, 0x0000000086b00000, 0x0000000086c00000|  0%| F|  |TAMS 0x0000000086b00000| PB 0x0000000086b00000| Untracked |  0
|  30|0x0000000086c00000, 0x0000000086c00000, 0x0000000086d00000|  0%| F|  |TAMS 0x0000000086c00000| PB 0x0000000086c00000| Untracked |  0
|  31|0x0000000086d00000, 0x0000000086d00000, 0x0000000086e00000|  0%| F|  |TAMS 0x0000000086d00000| PB 0x0000000086d00000| Untracked |  0
|  32|0x0000000086e00000, 0x0000000086e00000, 0x0000000086f00000|  0%| F|  |TAMS 0x0000000086e00000| PB 0x0000000086e00000| Untracked |  0
|  33|0x0000000086f00000, 0x0000000086f00000, 0x0000000087000000|  0%| F|  |TAMS 0x0000000086f00000| PB 0x0000000086f00000| Untracked |  0
|  34|0x0000000087000000, 0x0000000087000000, 0x0000000087100000|  0%| F|  |TAMS 0x0000000087000000| PB 0x0000000087000000| Untracked |  0
|  35|0x0000000087100000, 0x0000000087100000, 0x0000000087200000|  0%| F|  |TAMS 0x0000000087100000| PB 0x0000000087100000| Untracked |  0
|  36|0x0000000087200000, 0x0000000087200000, 0x0000000087300000|  0%| F|  |TAMS 0x0000000087200000| PB 0x0000000087200000| Untracked |  0
|  37|0x0000000087300000, 0x0000000087300000, 0x0000000087400000|  0%| F|  |TAMS 0x0000000087300000| PB 0x0000000087300000| Untracked |  0
|  38|0x0000000087400000, 0x0000000087400000, 0x0000000087500000|  0%| F|  |TAMS 0x0000000087400000| PB 0x0000000087400000| Untracked |  0
|  39|0x0000000087500000, 0x0000000087500000, 0x0000000087600000|  0%| F|  |TAMS 0x0000000087500000| PB 0x0000000087500000| Untracked |  0
|  40|0x0000000087600000, 0x0000000087600000, 0x0000000087700000|  0%| F|  |TAMS 0x0000000087600000| PB 0x0000000087600000| Untracked |  0
|  41|0x0000000087700000, 0x0000000087700000, 0x0000000087800000|  0%| F|  |TAMS 0x0000000087700000| PB 0x0000000087700000| Untracked |  0
|  42|0x0000000087800000, 0x0000000087800000, 0x0000000087900000|  0%| F|  |TAMS 0x0000000087800000| PB 0x0000000087800000| Untracked |  0
|  43|0x0000000087900000, 0x0000000087900000, 0x0000000087a00000|  0%| F|  |TAMS 0x0000000087900000| PB 0x0000000087900000| Untracked |  0
|  44|0x0000000087a00000, 0x0000000087a00000, 0x0000000087b00000|  0%| F|  |TAMS 0x0000000087a00000| PB 0x0000000087a00000| Untracked |  0
|  45|0x0000000087b00000, 0x0000000087b00000, 0x0000000087c00000|  0%| F|  |TAMS 0x0000000087b00000| PB 0x0000000087b00000| Untracked |  0
|  46|0x0000000087c00000, 0x0000000087c00000, 0x0000000087d00000|  0%| F|  |TAMS 0x0000000087c00000| PB 0x0000000087c00000| Untracked |  0
|  47|0x0000000087d00000, 0x0000000087d00000, 0x0000000087e00000|  0%| F|  |TAMS 0x0000000087d00000| PB 0x0000000087d00000| Untracked |  0
|  48|0x0000000087e00000, 0x0000000087e00000, 0x0000000087f00000|  0%| F|  |TAMS 0x0000000087e00000| PB 0x0000000087e00000| Untracked |  0
|  49|0x0000000087f00000, 0x0000000087f00000, 0x0000000088000000|  0%| F|  |TAMS 0x0000000087f00000| PB 0x0000000087f00000| Untracked |  0
|  50|0x0000000088000000, 0x0000000088000000, 0x0000000088100000|  0%| F|  |TAMS 0x0000000088000000| PB 0x0000000088000000| Untracked |  0
|  51|0x0000000088100000, 0x0000000088100000, 0x0000000088200000|  0%| F|  |TAMS 0x0000000088100000| PB 0x0000000088100000| Untracked |  0
|  52|0x0000000088200000, 0x0000000088200000, 0x0000000088300000|  0%| F|  |TAMS 0x0000000088200000| PB 0x0000000088200000| Untracked |  0
|  53|0x0000000088300000, 0x0000000088300000, 0x0000000088400000|  0%| F|  |TAMS 0x0000000088300000| PB 0x0000000088300000| Untracked |  0
|  54|0x0000000088400000, 0x0000000088400000, 0x0000000088500000|  0%| F|  |TAMS 0x0000000088400000| PB 0x0000000088400000| Untracked |  0
|  55|0x0000000088500000, 0x0000000088500000, 0x0000000088600000|  0%| F|  |TAMS 0x0000000088500000| PB 0x0000000088500000| Untracked |  0
|  56|0x0000000088600000, 0x0000000088600000, 0x0000000088700000|  0%| F|  |TAMS 0x0000000088600000| PB 0x0000000088600000| Untracked |  0
|  57|0x0000000088700000, 0x0000000088700000, 0x0000000088800000|  0%| F|  |TAMS 0x0000000088700000| PB 0x0000000088700000| Untracked |  0
|  58|0x0000000088800000, 0x0000000088878128, 0x0000000088900000| 46%| S|CS|TAMS 0x0000000088800000| PB 0x0000000088800000| Complete |  0
|  59|0x0000000088900000, 0x0000000088a00000, 0x0000000088a00000|100%| S|CS|TAMS 0x0000000088900000| PB 0x0000000088900000| Complete |  0
|  60|0x0000000088a00000, 0x0000000088b00000, 0x0000000088b00000|100%| S|CS|TAMS 0x0000000088a00000| PB 0x0000000088a00000| Complete |  0
|  61|0x0000000088b00000, 0x0000000088c00000, 0x0000000088c00000|100%| S|CS|TAMS 0x0000000088b00000| PB 0x0000000088b00000| Complete |  0
|  62|0x0000000088c00000, 0x0000000088c00000, 0x0000000088d00000|  0%| F|  |TAMS 0x0000000088c00000| PB 0x0000000088c00000| Untracked |  0
|  63|0x0000000088d00000, 0x0000000088d00000, 0x0000000088e00000|  0%| F|  |TAMS 0x0000000088d00000| PB 0x0000000088d00000| Untracked |  0
|  64|0x0000000088e00000, 0x0000000088e00000, 0x0000000088f00000|  0%| F|  |TAMS 0x0000000088e00000| PB 0x0000000088e00000| Untracked |  0
|  65|0x0000000088f00000, 0x0000000088f00000, 0x0000000089000000|  0%| F|  |TAMS 0x0000000088f00000| PB 0x0000000088f00000| Untracked |  0
|  66|0x0000000089000000, 0x0000000089000000, 0x0000000089100000|  0%| F|  |TAMS 0x0000000089000000| PB 0x0000000089000000| Untracked |  0
|  67|0x0000000089100000, 0x0000000089100000, 0x0000000089200000|  0%| F|  |TAMS 0x0000000089100000| PB 0x0000000089100000| Untracked |  0
|  68|0x0000000089200000, 0x0000000089300000, 0x0000000089300000|100%| S|CS|TAMS 0x0000000089200000| PB 0x0000000089200000| Complete |  0
|  69|0x0000000089300000, 0x0000000089400000, 0x0000000089400000|100%| S|CS|TAMS 0x0000000089300000| PB 0x0000000089300000| Complete |  0
|  70|0x0000000089400000, 0x0000000089400000, 0x0000000089500000|  0%| F|  |TAMS 0x0000000089400000| PB 0x0000000089400000| Untracked |  0
|  71|0x0000000089500000, 0x0000000089500000, 0x0000000089600000|  0%| F|  |TAMS 0x0000000089500000| PB 0x0000000089500000| Untracked |  0
|  72|0x0000000089600000, 0x0000000089600000, 0x0000000089700000|  0%| F|  |TAMS 0x0000000089600000| PB 0x0000000089600000| Untracked |  0
|  73|0x0000000089700000, 0x0000000089700000, 0x0000000089800000|  0%| F|  |TAMS 0x0000000089700000| PB 0x0000000089700000| Untracked |  0
|  74|0x0000000089800000, 0x0000000089800000, 0x0000000089900000|  0%| F|  |TAMS 0x0000000089800000| PB 0x0000000089800000| Untracked |  0
|  75|0x0000000089900000, 0x0000000089900000, 0x0000000089a00000|  0%| F|  |TAMS 0x0000000089900000| PB 0x0000000089900000| Untracked |  0
|  76|0x0000000089a00000, 0x0000000089a00000, 0x0000000089b00000|  0%| F|  |TAMS 0x0000000089a00000| PB 0x0000000089a00000| Untracked |  0
|  77|0x0000000089b00000, 0x0000000089b00000, 0x0000000089c00000|  0%| F|  |TAMS 0x0000000089b00000| PB 0x0000000089b00000| Untracked |  0
|  78|0x0000000089c00000, 0x0000000089c00000, 0x0000000089d00000|  0%| F|  |TAMS 0x0000000089c00000| PB 0x0000000089c00000| Untracked |  0
|  79|0x0000000089d00000, 0x0000000089d00000, 0x0000000089e00000|  0%| F|  |TAMS 0x0000000089d00000| PB 0x0000000089d00000| Untracked |  0
|  80|0x0000000089e00000, 0x0000000089e00000, 0x0000000089f00000|  0%| F|  |TAMS 0x0000000089e00000| PB 0x0000000089e00000| Untracked |  0
|  81|0x0000000089f00000, 0x0000000089f00000, 0x000000008a000000|  0%| F|  |TAMS 0x0000000089f00000| PB 0x0000000089f00000| Untracked |  0
|  82|0x000000008a000000, 0x000000008a000000, 0x000000008a100000|  0%| F|  |TAMS 0x000000008a000000| PB 0x000000008a000000| Untracked |  0
|  83|0x000000008a100000, 0x000000008a100000, 0x000000008a200000|  0%| F|  |TAMS 0x000000008a100000| PB 0x000000008a100000| Untracked |  0
|  84|0x000000008a200000, 0x000000008a200000, 0x000000008a300000|  0%| F|  |TAMS 0x000000008a200000| PB 0x000000008a200000| Untracked |  0
|  85|0x000000008a300000, 0x000000008a300000, 0x000000008a400000|  0%| F|  |TAMS 0x000000008a300000| PB 0x000000008a300000| Untracked |  0
|  86|0x000000008a400000, 0x000000008a400000, 0x000000008a500000|  0%| F|  |TAMS 0x000000008a400000| PB 0x000000008a400000| Untracked |  0
|  87|0x000000008a500000, 0x000000008a500000, 0x000000008a600000|  0%| F|  |TAMS 0x000000008a500000| PB 0x000000008a500000| Untracked |  0
|  88|0x000000008a600000, 0x000000008a600000, 0x000000008a700000|  0%| F|  |TAMS 0x000000008a600000| PB 0x000000008a600000| Untracked |  0
|  89|0x000000008a700000, 0x000000008a700000, 0x000000008a800000|  0%| F|  |TAMS 0x000000008a700000| PB 0x000000008a700000| Untracked |  0
|  90|0x000000008a800000, 0x000000008a800000, 0x000000008a900000|  0%| F|  |TAMS 0x000000008a800000| PB 0x000000008a800000| Untracked |  0
|  91|0x000000008a900000, 0x000000008a900000, 0x000000008aa00000|  0%| F|  |TAMS 0x000000008a900000| PB 0x000000008a900000| Untracked |  0
|  92|0x000000008aa00000, 0x000000008aa00000, 0x000000008ab00000|  0%| F|  |TAMS 0x000000008aa00000| PB 0x000000008aa00000| Untracked |  0
|  93|0x000000008ab00000, 0x000000008ab00000, 0x000000008ac00000|  0%| F|  |TAMS 0x000000008ab00000| PB 0x000000008ab00000| Untracked |  0
|  94|0x000000008ac00000, 0x000000008ac00000, 0x000000008ad00000|  0%| F|  |TAMS 0x000000008ac00000| PB 0x000000008ac00000| Untracked |  0
|  95|0x000000008ad00000, 0x000000008ad00000, 0x000000008ae00000|  0%| F|  |TAMS 0x000000008ad00000| PB 0x000000008ad00000| Untracked |  0
|  96|0x000000008ae00000, 0x000000008ae00000, 0x000000008af00000|  0%| F|  |TAMS 0x000000008ae00000| PB 0x000000008ae00000| Untracked |  0
|  97|0x000000008af00000, 0x000000008af00000, 0x000000008b000000|  0%| F|  |TAMS 0x000000008af00000| PB 0x000000008af00000| Untracked |  0
|  98|0x000000008b000000, 0x000000008b000000, 0x000000008b100000|  0%| F|  |TAMS 0x000000008b000000| PB 0x000000008b000000| Untracked |  0
|  99|0x000000008b100000, 0x000000008b100000, 0x000000008b200000|  0%| F|  |TAMS 0x000000008b100000| PB 0x000000008b100000| Untracked |  0
| 100|0x000000008b200000, 0x000000008b200000, 0x000000008b300000|  0%| F|  |TAMS 0x000000008b200000| PB 0x000000008b200000| Untracked |  0
| 101|0x000000008b300000, 0x000000008b300000, 0x000000008b400000|  0%| F|  |TAMS 0x000000008b300000| PB 0x000000008b300000| Untracked |  0
| 102|0x000000008b400000, 0x000000008b400000, 0x000000008b500000|  0%| F|  |TAMS 0x000000008b400000| PB 0x000000008b400000| Untracked |  0
| 103|0x000000008b500000, 0x000000008b500000, 0x000000008b600000|  0%| F|  |TAMS 0x000000008b500000| PB 0x000000008b500000| Untracked |  0
| 104|0x000000008b600000, 0x000000008b600000, 0x000000008b700000|  0%| F|  |TAMS 0x000000008b600000| PB 0x000000008b600000| Untracked |  0
| 105|0x000000008b700000, 0x000000008b700000, 0x000000008b800000|  0%| F|  |TAMS 0x000000008b700000| PB 0x000000008b700000| Untracked |  0
| 106|0x000000008b800000, 0x000000008b800000, 0x000000008b900000|  0%| F|  |TAMS 0x000000008b800000| PB 0x000000008b800000| Untracked |  0
| 107|0x000000008b900000, 0x000000008b900000, 0x000000008ba00000|  0%| F|  |TAMS 0x000000008b900000| PB 0x000000008b900000| Untracked |  0
| 108|0x000000008ba00000, 0x000000008ba00000, 0x000000008bb00000|  0%| F|  |TAMS 0x000000008ba00000| PB 0x000000008ba00000| Untracked |  0
| 109|0x000000008bb00000, 0x000000008bb00000, 0x000000008bc00000|  0%| F|  |TAMS 0x000000008bb00000| PB 0x000000008bb00000| Untracked |  0
| 110|0x000000008bc00000, 0x000000008bc00000, 0x000000008bd00000|  0%| F|  |TAMS 0x000000008bc00000| PB 0x000000008bc00000| Untracked |  0
| 111|0x000000008bd00000, 0x000000008bd00000, 0x000000008be00000|  0%| F|  |TAMS 0x000000008bd00000| PB 0x000000008bd00000| Untracked |  0
| 112|0x000000008be00000, 0x000000008be00000, 0x000000008bf00000|  0%| F|  |TAMS 0x000000008be00000| PB 0x000000008be00000| Untracked |  0
| 113|0x000000008bf00000, 0x000000008bf00000, 0x000000008c000000|  0%| F|  |TAMS 0x000000008bf00000| PB 0x000000008bf00000| Untracked |  0
| 114|0x000000008c000000, 0x000000008c000000, 0x000000008c100000|  0%| F|  |TAMS 0x000000008c000000| PB 0x000000008c000000| Untracked |  0
| 115|0x000000008c100000, 0x000000008c100000, 0x000000008c200000|  0%| F|  |TAMS 0x000000008c100000| PB 0x000000008c100000| Untracked |  0
| 116|0x000000008c200000, 0x000000008c200000, 0x000000008c300000|  0%| F|  |TAMS 0x000000008c200000| PB 0x000000008c200000| Untracked |  0
| 117|0x000000008c300000, 0x000000008c300000, 0x000000008c400000|  0%| F|  |TAMS 0x000000008c300000| PB 0x000000008c300000| Untracked |  0
| 118|0x000000008c400000, 0x000000008c400000, 0x000000008c500000|  0%| F|  |TAMS 0x000000008c400000| PB 0x000000008c400000| Untracked |  0
| 119|0x000000008c500000, 0x000000008c500000, 0x000000008c600000|  0%| F|  |TAMS 0x000000008c500000| PB 0x000000008c500000| Untracked |  0
| 120|0x000000008c600000, 0x000000008c680000, 0x000000008c700000| 50%| E|  |TAMS 0x000000008c600000| PB 0x000000008c600000| Complete |  0
| 121|0x000000008c700000, 0x000000008c800000, 0x000000008c800000|100%| E|CS|TAMS 0x000000008c700000| PB 0x000000008c700000| Complete |  0
| 122|0x000000008c800000, 0x000000008c900000, 0x000000008c900000|100%| E|CS|TAMS 0x000000008c800000| PB 0x000000008c800000| Complete |  0
| 123|0x000000008c900000, 0x000000008ca00000, 0x000000008ca00000|100%| E|CS|TAMS 0x000000008c900000| PB 0x000000008c900000| Complete |  0

Card table byte_map: [0x00000257fd2b0000,0x00000257fd690000] _byte_map_base: 0x00000257fce89000

Marking Bits: (CMBitMap*) 0x00000257f4298500
 Bits: [0x00000257fd690000, 0x00000257ff558000)

Polling page: 0x00000257f2020000

Metaspace:

Usage:
  Non-class:     13.85 MB used.
      Class:      1.90 MB used.
       Both:     15.75 MB used.

Virtual space:
  Non-class space:       64.00 MB reserved,      14.00 MB ( 22%) committed,  1 nodes.
      Class space:        1.00 GB reserved,       2.00 MB ( <1%) committed,  1 nodes.
             Both:        1.06 GB reserved,      16.00 MB (  1%) committed. 

Chunk freelists:
   Non-Class:  1.91 MB
       Class:  13.88 MB
        Both:  15.79 MB

MaxMetaspaceSize: unlimited
CompressedClassSpaceSize: 1.00 GB
Initial GC threshold: 21.00 MB
Current GC threshold: 21.00 MB
CDS: on
 - commit_granule_bytes: 65536.
 - commit_granule_words: 8192.
 - virtual_space_node_default_size: 8388608.
 - enlarge_chunks_in_place: 1.
 - use_allocation_guard: 0.


Internal statistics:

num_allocs_failed_limit: 0.
num_arena_births: 146.
num_arena_deaths: 0.
num_vsnodes_births: 2.
num_vsnodes_deaths: 0.
num_space_committed: 256.
num_space_uncommitted: 0.
num_chunks_returned_to_freelist: 0.
num_chunks_taken_from_freelist: 691.
num_chunk_merges: 0.
num_chunk_splits: 474.
num_chunks_enlarged: 378.
num_inconsistent_stats: 0.

CodeHeap 'non-profiled nmethods': size=120064Kb used=1625Kb max_used=1625Kb free=118438Kb
 bounds [0x0000025787ac0000, 0x0000025787d30000, 0x000002578f000000]
CodeHeap 'profiled nmethods': size=120000Kb used=6961Kb max_used=6961Kb free=113038Kb
 bounds [0x0000025780000000, 0x00000257806d0000, 0x0000025787530000]
CodeHeap 'non-nmethods': size=5696Kb used=1402Kb max_used=1435Kb free=4293Kb
 bounds [0x0000025787530000, 0x00000257877a0000, 0x0000025787ac0000]
CodeCache: size=245760Kb, used=9988Kb, max_used=10021Kb, free=235769Kb
 total_blobs=5009, nmethods=4504, adapters=410, full_count=0
Compilation: enabled, stopped_count=0, restarted_count=0

Compilation events (20 events):
Event: 7.073 Thread 0x0000025791240090 nmethod 4473 0x00000257806ad288 code [0x00000257806ad3a0, 0x00000257806ad5e8]
Event: 7.073 Thread 0x0000025791240090 4474       3       java.util.RegularEnumSet::size (8 bytes)
Event: 7.073 Thread 0x0000025791240090 nmethod 4474 0x00000257806ad608 code [0x00000257806ad720, 0x00000257806ad860]
Event: 7.073 Thread 0x0000025791240090 4475       3       java.util.function.Function::andThen (13 bytes)
Event: 7.074 Thread 0x0000025791240090 nmethod 4475 0x00000257806ad908 code [0x00000257806adaa0, 0x00000257806ae1d8]
Event: 7.075 Thread 0x0000025791240090 4476       3       java.util.function.Function$$Lambda/0x000002579305b2f0::<init> (15 bytes)
Event: 7.075 Thread 0x0000025791240090 nmethod 4476 0x00000257806ae288 code [0x00000257806ae3a0, 0x00000257806ae5c0]
Event: 7.075 Thread 0x0000025791240090 4477       3       java.util.function.Function$$Lambda/0x000002579305b2f0::apply (15 bytes)
Event: 7.075 Thread 0x0000025791240090 nmethod 4477 0x00000257806ae608 code [0x00000257806ae760, 0x00000257806aeb48]
Event: 7.076 Thread 0x0000025791240090 4478       1       org.eclipse.aether.DefaultRepositorySystemSession::isIgnoreArtifactDescriptorRepositories (5 bytes)
Event: 7.076 Thread 0x0000025791240090 nmethod 4478 0x0000025787c55888 code [0x0000025787c559a0, 0x0000025787c55a70]
Event: 7.098 Thread 0x0000025791240090 4479       3       java.lang.Throwable::<init> (48 bytes)
Event: 7.099 Thread 0x0000025791240090 nmethod 4479 0x00000257806aeb88 code [0x00000257806aece0, 0x00000257806af138]
Event: 7.099 Thread 0x0000025791240090 4480       1       org.apache.maven.model.DistributionManagement::setSnapshotRepository (6 bytes)
Event: 7.100 Thread 0x0000025791240090 nmethod 4480 0x0000025787c55b88 code [0x0000025787c55ca0, 0x0000025787c55db0]
Event: 7.100 Thread 0x0000025791240090 4482       3       org.eclipse.aether.util.repository.DefaultMirrorSelector::findMirror (149 bytes)
Event: 7.101 Thread 0x0000025791240090 nmethod 4482 0x00000257806af188 code [0x00000257806af3a0, 0x00000257806b0008]
Event: 7.101 Thread 0x0000025791240090 4481       3       org.eclipse.aether.util.repository.DefaultMirrorSelector::getMirror (117 bytes)
Event: 9.109 Thread 0x0000025791240090 nmethod 4481 0x00000257806b0088 code [0x00000257806b02e0, 0x00000257806b0f48]
Event: 9.109 Thread 0x0000025791240090 4483       3       java.util.regex.Pattern$BnM::match (161 bytes)

GC Heap History (6 events):
Event: 1.027 GC heap before
{Heap before GC invocations=0 (full 0):
 garbage-first heap   total reserved 2017280K, committed 126976K, used 23552K [0x0000000084e00000, 0x0000000100000000)
  region size 1024K, 24 young (24576K), 0 survivors (0K)
 Metaspace       used 5904K, committed 6080K, reserved 1114112K
  class space    used 726K, committed 832K, reserved 1048576K
}
Event: 1.036 GC heap after
{Heap after GC invocations=1 (full 0):
 garbage-first heap   total reserved 2017280K, committed 126976K, used 3752K [0x0000000084e00000, 0x0000000100000000)
  region size 1024K, 3 young (3072K), 3 survivors (3072K)
 Metaspace       used 5904K, committed 6080K, reserved 1114112K
  class space    used 726K, committed 832K, reserved 1048576K
}
Event: 1.442 GC heap before
{Heap before GC invocations=1 (full 0):
 garbage-first heap   total reserved 2017280K, committed 126976K, used 27304K [0x0000000084e00000, 0x0000000100000000)
  region size 1024K, 26 young (26624K), 3 survivors (3072K)
 Metaspace       used 7567K, committed 7744K, reserved 1114112K
  class space    used 925K, committed 1024K, reserved 1048576K
}
Event: 1.450 GC heap after
{Heap after GC invocations=2 (full 0):
 garbage-first heap   total reserved 2017280K, committed 126976K, used 4927K [0x0000000084e00000, 0x0000000100000000)
  region size 1024K, 1 young (1024K), 1 survivors (1024K)
 Metaspace       used 7567K, committed 7744K, reserved 1114112K
  class space    used 925K, committed 1024K, reserved 1048576K
}
Event: 3.468 GC heap before
{Heap before GC invocations=2 (full 0):
 garbage-first heap   total reserved 2017280K, committed 126976K, used 60223K [0x0000000084e00000, 0x0000000100000000)
  region size 1024K, 56 young (57344K), 1 survivors (1024K)
 Metaspace       used 15068K, committed 15360K, reserved 1114112K
  class space    used 1862K, committed 1984K, reserved 1048576K
}
Event: 3.492 GC heap after
{Heap after GC invocations=3 (full 0):
 garbage-first heap   total reserved 2017280K, committed 126976K, used 10047K [0x0000000084e00000, 0x0000000100000000)
  region size 1024K, 6 young (6144K), 6 survivors (6144K)
 Metaspace       used 15068K, committed 15360K, reserved 1114112K
  class space    used 1862K, committed 1984K, reserved 1048576K
}

Dll operation events (8 events):
Event: 0.009 Loaded shared library D:\Program Files\Java\jdk-23.0.2\bin\java.dll
Event: 0.049 Loaded shared library D:\Program Files\Java\jdk-23.0.2\bin\jsvml.dll
Event: 0.077 Loaded shared library D:\Program Files\Java\jdk-23.0.2\bin\net.dll
Event: 0.081 Loaded shared library D:\Program Files\Java\jdk-23.0.2\bin\nio.dll
Event: 0.091 Loaded shared library D:\Program Files\Java\jdk-23.0.2\bin\zip.dll
Event: 0.361 Loaded shared library D:\Program Files\Java\jdk-23.0.2\bin\jimage.dll
Event: 0.364 Loaded shared library D:\Program Files\apache-maven-3.9.16-bin\apache-maven-3.9.16\lib\jansi-native\Windows\x86_64\jansi.dll
Event: 0.386 Loaded shared library D:\Program Files\Java\jdk-23.0.2\bin\verify.dll

Deoptimization events (20 events):
Event: 5.984 Thread 0x00000257f1e56720 Uncommon trap: trap_request=0xffffffde fr.pc=0x0000025787b32a44 relative=0x0000000000000164
Event: 5.984 Thread 0x00000257f1e56720 Uncommon trap: reason=class_check action=maybe_recompile pc=0x0000025787b32a44 method=java.nio.charset.CharsetDecoder.decode(Ljava/nio/ByteBuffer;Ljava/nio/CharBuffer;Z)Ljava/nio/charset/CoderResult; @ 57 c2
Event: 5.984 Thread 0x00000257f1e56720 DEOPT PACKING pc=0x0000025787b32a44 sp=0x000000edf62fbf20
Event: 5.984 Thread 0x00000257f1e56720 DEOPT UNPACKING pc=0x0000025787584402 sp=0x000000edf62fbea8 mode 2
Event: 5.984 Thread 0x00000257f1e56720 Uncommon trap: trap_request=0xffffffde fr.pc=0x0000025787b32a44 relative=0x0000000000000164
Event: 5.984 Thread 0x00000257f1e56720 Uncommon trap: reason=class_check action=maybe_recompile pc=0x0000025787b32a44 method=java.nio.charset.CharsetDecoder.decode(Ljava/nio/ByteBuffer;Ljava/nio/CharBuffer;Z)Ljava/nio/charset/CoderResult; @ 57 c2
Event: 5.984 Thread 0x00000257f1e56720 DEOPT PACKING pc=0x0000025787b32a44 sp=0x000000edf62fbf20
Event: 5.984 Thread 0x00000257f1e56720 DEOPT UNPACKING pc=0x0000025787584402 sp=0x000000edf62fbea8 mode 2
Event: 6.003 Thread 0x00000257f1e56720 Uncommon trap: trap_request=0xffffff6e fr.pc=0x0000025787c53a64 relative=0x0000000000000144
Event: 6.003 Thread 0x00000257f1e56720 Uncommon trap: reason=loop_limit_check action=maybe_recompile pc=0x0000025787c53a64 method=java.util.regex.Pattern$Start.match(Ljava/util/regex/Matcher;ILjava/lang/CharSequence;)Z @ 34 c2
Event: 6.003 Thread 0x00000257f1e56720 DEOPT PACKING pc=0x0000025787c53a64 sp=0x000000edf62fbf20
Event: 6.003 Thread 0x00000257f1e56720 DEOPT UNPACKING pc=0x0000025787584402 sp=0x000000edf62fbeb0 mode 2
Event: 6.043 Thread 0x00000257f1e56720 Uncommon trap: trap_request=0xffffffde fr.pc=0x0000025787b02840 relative=0x0000000000000de0
Event: 6.043 Thread 0x00000257f1e56720 Uncommon trap: reason=class_check action=maybe_recompile pc=0x0000025787b02840 method=java.util.concurrent.ConcurrentHashMap.putVal(Ljava/lang/Object;Ljava/lang/Object;Z)Ljava/lang/Object; @ 242 c2
Event: 6.043 Thread 0x00000257f1e56720 DEOPT PACKING pc=0x0000025787b02840 sp=0x000000edf62fc7e0
Event: 7.049 Thread 0x00000257f1e56720 DEOPT UNPACKING pc=0x0000025787584402 sp=0x000000edf62fc750 mode 2
Event: 7.050 Thread 0x00000257f1e56720 Uncommon trap: trap_request=0xffffffde fr.pc=0x0000025787b02840 relative=0x0000000000000de0
Event: 7.050 Thread 0x00000257f1e56720 Uncommon trap: reason=class_check action=maybe_recompile pc=0x0000025787b02840 method=java.util.concurrent.ConcurrentHashMap.putVal(Ljava/lang/Object;Ljava/lang/Object;Z)Ljava/lang/Object; @ 242 c2
Event: 7.050 Thread 0x00000257f1e56720 DEOPT PACKING pc=0x0000025787b02840 sp=0x000000edf62fc7e0
Event: 7.050 Thread 0x00000257f1e56720 DEOPT UNPACKING pc=0x0000025787584402 sp=0x000000edf62fc750 mode 2

Classes loaded (20 events):
Event: 2.905 Loading class sun/util/resources/LocaleData$LocaleDataResourceBundleProvider done
Event: 2.905 Loading class sun/util/resources/LocaleData$CommonResourceBundleProvider done
Event: 2.905 Loading class sun/util/resources/Bundles$2
Event: 2.906 Loading class sun/util/resources/Bundles$2 done
Event: 2.934 Loading class java/util/stream/IntStream
Event: 2.935 Loading class java/util/stream/IntStream done
Event: 2.935 Loading class java/util/stream/IntPipeline$Head
Event: 2.935 Loading class java/util/stream/IntPipeline
Event: 2.936 Loading class java/util/stream/IntPipeline done
Event: 2.936 Loading class java/util/stream/IntPipeline$Head done
Event: 2.944 Loading class java/util/StringTokenizer
Event: 2.944 Loading class java/util/StringTokenizer done
Event: 2.956 Loading class sun/invoke/util/ValueConversions$1
Event: 2.957 Loading class sun/invoke/util/ValueConversions$1 done
Event: 2.957 Loading class java/lang/invoke/BoundMethodHandle$Species_LI
Event: 2.957 Loading class java/lang/invoke/BoundMethodHandle$Species_LI done
Event: 2.995 Loading class java/util/stream/Streams$RangeIntSpliterator
Event: 2.995 Loading class java/util/stream/Streams$RangeIntSpliterator done
Event: 5.983 Loading class sun/nio/cs/ISO_8859_1$Decoder
Event: 5.983 Loading class sun/nio/cs/ISO_8859_1$Decoder done

Classes unloaded (0 events):
No events

Classes redefined (0 events):
No events

Internal exceptions (20 events):
Event: 0.981 Thread 0x00000257f1e56720 Exception <a 'java/lang/NoClassDefFoundError'{0x000000008b48f778}: javax/enterprise/inject/Typed> (0x000000008b48f778) 
thrown [s\open\src\hotspot\share\classfile\systemDictionary.cpp, line 302]
Event: 2.140 Thread 0x00000257f1e56720 Exception <a 'java/lang/NoSuchMethodError'{0x000000008b711730}: 'void java.lang.invoke.DirectMethodHandle$Holder.invokeStaticInit(java.lang.Object, java.lang.Object, java.lang.Object)'> (0x000000008b711730) 
thrown [s\open\src\hotspot\share\interpreter\linkResolver.cpp, line 796]
Event: 2.158 Thread 0x00000257f1e56720 Implicit null exception at 0x0000025787b56fbd to 0x0000025787b57148
Event: 2.162 Thread 0x00000257f1e56720 Exception <a 'java/lang/NoSuchMethodError'{0x000000008b788170}: 'java.lang.Object java.lang.invoke.Invokers$Holder.invokeExact_MT(java.lang.Object, int, java.lang.Object)'> (0x000000008b788170) 
thrown [s\open\src\hotspot\share\interpreter\linkResolver.cpp, line 796]
Event: 2.463 Thread 0x00000257f1e56720 Exception <a 'java/lang/NoSuchMethodError'{0x000000008adc4628}: 'void java.lang.invoke.Invokers$Holder.invokeExact_MT(java.lang.Object, java.lang.Object, java.lang.Object, java.lang.Object)'> (0x000000008adc4628) 
thrown [s\open\src\hotspot\share\interpreter\linkResolver.cpp, line 796]
Event: 2.484 Thread 0x00000257f1e56720 Exception <a 'java/lang/NoClassDefFoundError'{0x000000008ac5f468}: com/google/inject/servlet/ServletModuleTargetVisitor> (0x000000008ac5f468) 
thrown [s\open\src\hotspot\share\classfile\systemDictionary.cpp, line 302]
Event: 2.632 Thread 0x00000257f1e56720 Exception <a 'java/lang/NoSuchMethodError'{0x000000008aae1398}: 'java.lang.Object java.lang.invoke.DirectMethodHandle$Holder.invokeStaticInit(java.lang.Object, int, int, int, int)'> (0x000000008aae1398) 
thrown [s\open\src\hotspot\share\interpreter\linkResolver.cpp, line 796]
Event: 2.797 Thread 0x00000257f1e56720 Implicit null exception at 0x0000025787af2614 to 0x0000025787af2c78
Event: 2.797 Thread 0x00000257f1e56720 Implicit null exception at 0x0000025787af0090 to 0x0000025787af06dc
Event: 2.869 Thread 0x00000257f1e56720 Exception <a 'java/lang/NoSuchMethodError'{0x000000008a41a3f8}: 'void java.lang.invoke.DirectMethodHandle$Holder.invokeSpecial(java.lang.Object, java.lang.Object, java.lang.Object, java.lang.Object, java.lang.Object)'> (0x000000008a41a3f8) 
thrown [s\open\src\hotspot\share\interpreter\linkResolver.cpp, line 796]
Event: 2.872 Thread 0x00000257f1e56720 Exception <a 'java/lang/NoSuchMethodError'{0x000000008a430ba0}: 'void java.lang.invoke.DirectMethodHandle$Holder.invokeSpecial(java.lang.Object, java.lang.Object, java.lang.Object, java.lang.Object, java.lang.Object, java.lang.Object)'> (0x000000008a430ba0) 
thrown [s\open\src\hotspot\share\interpreter\linkResolver.cpp, line 796]
Event: 2.886 Thread 0x00000257f1e56720 Exception <a 'java/lang/NoSuchMethodError'{0x000000008a323ce0}: 'java.lang.Object java.lang.invoke.DirectMethodHandle$Holder.invokeVirtual(java.lang.Object, java.lang.Object, java.lang.Object)'> (0x000000008a323ce0) 
thrown [s\open\src\hotspot\share\interpreter\linkResolver.cpp, line 796]
Event: 2.956 Thread 0x00000257f1e56720 Exception <a 'java/lang/NoSuchMethodError'{0x000000008a145a78}: 'void java.lang.invoke.DirectMethodHandle$Holder.invokeVirtual(java.lang.Object, java.lang.Object, int)'> (0x000000008a145a78) 
thrown [s\open\src\hotspot\share\interpreter\linkResolver.cpp, line 796]
Event: 2.958 Thread 0x00000257f1e56720 Exception <a 'java/lang/NoSuchMethodError'{0x000000008a158810}: 'java.lang.Object java.lang.invoke.DirectMethodHandle$Holder.invokeStatic(java.lang.Object, java.lang.Object, java.lang.Object, java.lang.Object, int)'> (0x000000008a158810) 
thrown [s\open\src\hotspot\share\interpreter\linkResolver.cpp, line 796]
Event: 2.960 Thread 0x00000257f1e56720 Exception <a 'java/lang/NoSuchMethodError'{0x000000008a1607f0}: 'void java.lang.invoke.DirectMethodHandle$Holder.invokeSpecial(java.lang.Object, java.lang.Object, java.lang.Object, int)'> (0x000000008a1607f0) 
thrown [s\open\src\hotspot\share\interpreter\linkResolver.cpp, line 796]
Event: 2.960 Thread 0x00000257f1e56720 Exception <a 'java/lang/NoSuchMethodError'{0x000000008a163ed8}: 'void java.lang.invoke.DelegatingMethodHandle$Holder.reinvoke_L(java.lang.Object, java.lang.Object, int)'> (0x000000008a163ed8) 
thrown [s\open\src\hotspot\share\interpreter\linkResolver.cpp, line 796]
Event: 4.975 Thread 0x00000257f1e56720 Implicit null exception at 0x0000025787bc2b21 to 0x0000025787bc3e64
Event: 4.975 Thread 0x00000257f1e56720 Implicit null exception at 0x0000025787b6a868 to 0x0000025787b6aa4c
Event: 4.975 Thread 0x00000257f1e56720 Implicit null exception at 0x0000025787bad1fd to 0x0000025787bada50
Event: 4.976 Thread 0x00000257f1e56720 Exception <a 'java/lang/NoSuchMethodError'{0x000000008ba49dd8}: 'void java.lang.invoke.DirectMethodHandle$Holder.invokeStatic(java.lang.Object, java.lang.Object, java.lang.Object, java.lang.Object)'> (0x000000008ba49dd8) 
thrown [s\open\src\hotspot\share\interpreter\linkResolver.cpp, line 796]

VM Operations (20 events):
Event: 2.218 Executing VM operation: HandshakeAllThreads (Deoptimize)
Event: 2.218 Executing VM operation: HandshakeAllThreads (Deoptimize) done
Event: 2.287 Executing VM operation: HandshakeAllThreads (Deoptimize)
Event: 2.287 Executing VM operation: HandshakeAllThreads (Deoptimize) done
Event: 2.457 Executing VM operation: HandshakeAllThreads (Deoptimize)
Event: 2.457 Executing VM operation: HandshakeAllThreads (Deoptimize) done
Event: 2.554 Executing VM operation: HandshakeAllThreads (Deoptimize)
Event: 2.554 Executing VM operation: HandshakeAllThreads (Deoptimize) done
Event: 2.585 Executing VM operation: HandshakeAllThreads (Deoptimize)
Event: 2.585 Executing VM operation: HandshakeAllThreads (Deoptimize) done
Event: 2.656 Executing VM operation: HandshakeAllThreads (Deoptimize)
Event: 2.656 Executing VM operation: HandshakeAllThreads (Deoptimize) done
Event: 2.688 Executing VM operation: HandshakeAllThreads (Deoptimize)
Event: 2.689 Executing VM operation: HandshakeAllThreads (Deoptimize) done
Event: 2.746 Executing VM operation: HandshakeAllThreads (Deoptimize)
Event: 2.746 Executing VM operation: HandshakeAllThreads (Deoptimize) done
Event: 2.749 Executing VM operation: HandshakeAllThreads (Deoptimize)
Event: 2.749 Executing VM operation: HandshakeAllThreads (Deoptimize) done
Event: 3.468 Executing VM operation: G1CollectForAllocation (G1 Evacuation Pause)
Event: 3.492 Executing VM operation: G1CollectForAllocation (G1 Evacuation Pause) done

Memory protections (0 events):
No events

Nmethod flushes (0 events):
No events

Events (14 events):
Event: 0.030 Thread 0x00000257f1e56720 Thread added: 0x00000257f1e56720
Event: 0.046 Thread 0x00000257f1e56720 Thread added: 0x00000257ffa66b70
Event: 0.046 Thread 0x00000257f1e56720 Thread added: 0x00000257ffa695e0
Event: 0.046 Thread 0x00000257f1e56720 Thread added: 0x00000257ffa6e260
Event: 0.047 Thread 0x00000257f1e56720 Thread added: 0x00000257ffa6c820
Event: 0.047 Thread 0x00000257f1e56720 Thread added: 0x00000257ffa6d540
Event: 0.047 Thread 0x00000257f1e56720 Thread added: 0x00000257ffa6c190
Event: 0.047 Thread 0x00000257f1e56720 Thread added: 0x00000257ffa80000
Event: 0.047 Thread 0x00000257f1e56720 Thread added: 0x0000025791240090
Event: 0.067 Thread 0x00000257f1e56720 Thread added: 0x00000257ffa6dbd0
Event: 0.072 Thread 0x00000257f1e56720 Thread added: 0x00000257ffa6bb00
Event: 0.359 Thread 0x00000257f1e56720 Thread added: 0x00000257ffa6b470
Event: 0.373 Thread 0x00000257ffa6b470 Thread exited: 0x00000257ffa6b470
Event: 2.687 Thread 0x00000257f1e56720 Thread added: 0x00000257ffa6ceb0


Dynamic libraries:
0x00007ff60f510000 - 0x00007ff60f520000 	D:\Program Files\Java\jdk-23.0.2\bin\java.exe
0x00007ffa1b580000 - 0x00007ffa1b7e6000 	C:\WINDOWS\SYSTEM32\ntdll.dll
0x00007ffa19ec0000 - 0x00007ffa19f89000 	C:\WINDOWS\System32\KERNEL32.DLL
0x00007ffa18830000 - 0x00007ffa18c30000 	C:\WINDOWS\System32\KERNELBASE.dll
0x00007ffa18e30000 - 0x00007ffa18f7c000 	C:\WINDOWS\System32\ucrtbase.dll
0x00007ffa05960000 - 0x00007ffa05977000 	D:\Program Files\Java\jdk-23.0.2\bin\jli.dll
0x00007ff9fe2b0000 - 0x00007ff9fe2cb000 	D:\Program Files\Java\jdk-23.0.2\bin\VCRUNTIME140.dll
0x00007ffa1abe0000 - 0x00007ffa1ada7000 	C:\WINDOWS\System32\USER32.dll
0x00007ffa19110000 - 0x00007ffa19137000 	C:\WINDOWS\System32\win32u.dll
0x00007ff9f78a0000 - 0x00007ff9f7b32000 	C:\WINDOWS\WinSxS\amd64_microsoft.windows.common-controls_6595b64144ccf1df_6.0.26100.8737_none_3e092eaee333b772\COMCTL32.dll
0x00007ffa1adb0000 - 0x00007ffa1addb000 	C:\WINDOWS\System32\GDI32.dll
0x00007ffa19e10000 - 0x00007ffa19eb9000 	C:\WINDOWS\System32\msvcrt.dll
0x00007ffa18d00000 - 0x00007ffa18e29000 	C:\WINDOWS\System32\gdi32full.dll
0x00007ffa19200000 - 0x00007ffa192a3000 	C:\WINDOWS\System32\msvcp_win.dll
0x00007ffa1aaa0000 - 0x00007ffa1aad2000 	C:\WINDOWS\System32\IMM32.DLL
0x00007ffa10200000 - 0x00007ffa1020c000 	D:\Program Files\Java\jdk-23.0.2\bin\vcruntime140_1.dll
0x00007ff9c7350000 - 0x00007ff9c73de000 	D:\Program Files\Java\jdk-23.0.2\bin\msvcp140.dll
0x00007ff944560000 - 0x00007ff9452b0000 	D:\Program Files\Java\jdk-23.0.2\bin\server\jvm.dll
0x00007ffa19340000 - 0x00007ffa193f7000 	C:\WINDOWS\System32\ADVAPI32.dll
0x00007ffa1a790000 - 0x00007ffa1a83a000 	C:\WINDOWS\System32\sechost.dll
0x00007ffa1adf0000 - 0x00007ffa1af08000 	C:\WINDOWS\System32\RPCRT4.dll
0x00007ffa1ab50000 - 0x00007ffa1abd0000 	C:\WINDOWS\System32\WS2_32.dll
0x00007ffa18600000 - 0x00007ffa1865e000 	C:\WINDOWS\SYSTEM32\POWRPROF.dll
0x00007ffa12d40000 - 0x00007ffa12d76000 	C:\WINDOWS\SYSTEM32\WINMM.dll
0x00007ffa04090000 - 0x00007ffa0409b000 	C:\WINDOWS\SYSTEM32\VERSION.dll
0x00007ffa185e0000 - 0x00007ffa185f4000 	C:\WINDOWS\SYSTEM32\UMPDC.dll
0x00007ffa17480000 - 0x00007ffa1749b000 	C:\WINDOWS\SYSTEM32\kernel.appcore.dll
0x00007ffa05950000 - 0x00007ffa0595a000 	D:\Program Files\Java\jdk-23.0.2\bin\jimage.dll
0x00007ffa15c00000 - 0x00007ffa15e42000 	C:\WINDOWS\SYSTEM32\DBGHELP.DLL
0x00007ffa19a80000 - 0x00007ffa19e03000 	C:\WINDOWS\System32\combase.dll
0x00007ffa19400000 - 0x00007ffa194d9000 	C:\WINDOWS\System32\OLEAUT32.dll
0x00007ff9d64f0000 - 0x00007ff9d652b000 	C:\WINDOWS\SYSTEM32\dbgcore.DLL
0x00007ffa19140000 - 0x00007ffa191ec000 	C:\WINDOWS\System32\bcryptPrimitives.dll
0x00007ff9fe0a0000 - 0x00007ff9fe0be000 	D:\Program Files\Java\jdk-23.0.2\bin\java.dll
0x00007ffa1a840000 - 0x00007ffa1a9d9000 	C:\WINDOWS\System32\ole32.dll
0x00007ffa19f90000 - 0x00007ffa1a722000 	C:\WINDOWS\System32\SHELL32.dll
0x00007ffa16210000 - 0x00007ffa16aa2000 	C:\WINDOWS\SYSTEM32\windows.storage.dll
0x00007ffa1b010000 - 0x00007ffa1b107000 	C:\WINDOWS\System32\SHCORE.dll
0x00007ffa1aae0000 - 0x00007ffa1ab47000 	C:\WINDOWS\System32\shlwapi.dll
0x00007ffa186c0000 - 0x00007ffa186e9000 	C:\WINDOWS\SYSTEM32\profapi.dll
0x00007ff9c5430000 - 0x00007ff9c5507000 	D:\Program Files\Java\jdk-23.0.2\bin\jsvml.dll
0x00007ff9fecf0000 - 0x00007ff9fed00000 	D:\Program Files\Java\jdk-23.0.2\bin\net.dll
0x00007ffa17a30000 - 0x00007ffa17a9c000 	C:\WINDOWS\system32\mswsock.dll
0x00007ff9fe080000 - 0x00007ff9fe096000 	D:\Program Files\Java\jdk-23.0.2\bin\nio.dll
0x00007ff9fe060000 - 0x00007ff9fe077000 	D:\Program Files\Java\jdk-23.0.2\bin\zip.dll
0x00007ff9fa260000 - 0x00007ff9fa284000 	D:\Program Files\apache-maven-3.9.16-bin\apache-maven-3.9.16\lib\jansi-native\Windows\x86_64\jansi.dll
0x00007ff9fe600000 - 0x00007ff9fe610000 	D:\Program Files\Java\jdk-23.0.2\bin\verify.dll

dbghelp: loaded successfully - version: 4.0.5 - missing functions: none
symbol engine: initialized successfully - sym options: 0x614 - pdb path: .;D:\Program Files\Java\jdk-23.0.2\bin;C:\WINDOWS\SYSTEM32;C:\WINDOWS\WinSxS\amd64_microsoft.windows.common-controls_6595b64144ccf1df_6.0.26100.8737_none_3e092eaee333b772;D:\Program Files\Java\jdk-23.0.2\bin\server;D:\Program Files\apache-maven-3.9.16-bin\apache-maven-3.9.16\lib\jansi-native\Windows\x86_64

VM Arguments:
jvm_args: --enable-native-access=ALL-UNNAMED -Dclassworlds.conf=D:\Program Files\apache-maven-3.9.16-bin\apache-maven-3.9.16\bin\m2.conf -Dmaven.home=D:\Program Files\apache-maven-3.9.16-bin\apache-maven-3.9.16 -Dlibrary.jansi.path=D:\Program Files\apache-maven-3.9.16-bin\apache-maven-3.9.16\lib\jansi-native -Dmaven.multiModuleProjectDirectory=D:\College\Academics\Placement Training\Cognizant\Deepskilling\Week-9\account-service 
java_command: org.codehaus.plexus.classworlds.launcher.Launcher spring-boot:run
java_class_path (initial): D:\Program Files\apache-maven-3.9.16-bin\apache-maven-3.9.16\boot\plexus-classworlds-2.11.0.jar
Launcher Type: SUN_STANDARD

[Global flags]
     intx CICompilerCount                          = 4                                         {product} {ergonomic}
     uint ConcGCThreads                            = 3                                         {product} {ergonomic}
     uint G1ConcRefinementThreads                  = 10                                        {product} {ergonomic}
   size_t G1HeapRegionSize                         = 1048576                                   {product} {ergonomic}
   size_t InitialHeapSize                          = 130023424                                 {product} {ergonomic}
   size_t MarkStackSize                            = 4194304                                   {product} {ergonomic}
   size_t MarkStackSizeMax                         = 536870912                                 {product} {ergonomic}
   size_t MaxHeapSize                              = 2065694720                                {product} {ergonomic}
   size_t MaxNewSize                               = 1239416832                                {product} {ergonomic}
   size_t MinHeapDeltaBytes                        = 1048576                                   {product} {ergonomic}
   size_t MinHeapSize                              = 8388608                                   {product} {ergonomic}
    uintx NonNMethodCodeHeapSize                   = 5832704                                {pd product} {ergonomic}
    uintx NonProfiledCodeHeapSize                  = 122945536                              {pd product} {ergonomic}
    uintx ProfiledCodeHeapSize                     = 122880000                              {pd product} {ergonomic}
    uintx ReservedCodeCacheSize                    = 251658240                              {pd product} {ergonomic}
     bool SegmentedCodeCache                       = true                                      {product} {ergonomic}
   size_t SoftMaxHeapSize                          = 2065694720                             {manageable} {ergonomic}
     bool UseCompressedOops                        = true                           {product lp64_product} {ergonomic}
     bool UseG1GC                                  = true                                      {product} {ergonomic}
     bool UseLargePagesIndividualAllocation        = false                                  {pd product} {ergonomic}

Logging:
Log output configuration:
 #0: stdout all=warning uptime,level,tags foldmultilines=false
 #1: stderr all=off uptime,level,tags foldmultilines=false

Environment Variables:
JAVA_HOME=D:\Program Files\Java\jdk-23.0.2
PATH=D:\miniconda\condabin;D:\Program Files\Python311\Scripts\;D:\Program Files\Python311\;D:\Program Files\Scripts\;D:\Program Files\;D:\Program Files\Python\Scripts\;D:\Program Files\Python\;C:\WINDOWS\system32;C:\WINDOWS;C:\WINDOWS\System32\Wbem;C:\WINDOWS\System32\WindowsPowerShell\v1.0\;C:\WINDOWS\System32\OpenSSH\;C:\Program Files\dotnet\;C:\Program Files\MySQL\MySQL Server 8.0\bin;C:\Program Files\nodejs\;C:\Program Files (x86)\Microsoft SQL Server\160\Tools\Binn\;C:\Program Files\Microsoft SQL Server\160\Tools\Binn\;C:\Program Files\Microsoft SQL Server\Client SDK\ODBC\170\Tools\Binn\;C:\Program Files\Microsoft SQL Server\160\DTS\Binn\;C:\Program Files\PuTTY\;C:\Program Files\Git\cmd;C:\Program Files\gs\gs10.06.0\bin;C:\Users\Aayushi Vinod\.cargo\bin;D:\Windows Kits\10\Windows Performance Toolkit\;D:\Program Files\apache-maven-3.9.16-bin\apache-maven-3.9.16\bin;D:\Program Files\Java\jdk-23.0.2\bin;C:\Users\Aayushi Vinod\.cargo\bin;C:\Program Files\MySQL\MySQL Shell 8.0\bin\;C:\Users\Aayushi Vinod\AppData\Local\Microsoft\WindowsApps;D:\College\VS Studio\bin;C:\MinGW\bin;C:\Users\Aayushi Vinod\AppData\Roaming\npm;C:\Users\Aayushi Vinod\AppData\Roaming\Python\Python313\Scripts;c:\Users\Aayushi Vinod\.vscode\extensions\vscjava.vscode-java-debug-0.59.0\bundled\scripts\noConfigScripts
USERNAME=Aayushi Vinod
LANG=en_US.UTF-8
OS=Windows_NT
PROCESSOR_IDENTIFIER=Intel64 Family 6 Model 154 Stepping 4, GenuineIntel
TMP=D:\temp
TEMP=D:\temp




Periodic native trim disabled

---------------  S Y S T E M  ---------------

OS:
 Windows 11 , 64 bit Build 26100 (10.0.26100.8737)
OS uptime: 2 days 20:27 hours
Hyper-V role detected

CPU: total 12 (initial active 12) (6 cores per cpu, 2 threads per core) family 6 model 154 stepping 4 microcode 0x43b, cx8, cmov, fxsr, ht, mmx, 3dnowpref, sse, sse2, sse3, ssse3, sse4.1, sse4.2, popcnt, lzcnt, tsc, tscinvbit, avx, avx2, aes, erms, clmul, bmi1, bmi2, adx, sha, fma, vzeroupper, clflush, clflushopt, clwb, hv, serialize, rdtscp, rdpid, fsrm, gfni, f16c, cet_ibt, cet_ss
Processor Information for the first 12 processors :
  Max Mhz: 1300, Current Mhz: 1300, Mhz Limit: 1300

Memory: 4k page, system-wide physical 7876M (246M free)
TotalPageFile size 32452M (AvailPageFile size 10M)
current process WorkingSet (physical memory assigned to process): 163M, peak: 163M
current process commit charge ("private bytes"): 254M, peak: 254M

vm_info: Java HotSpot(TM) 64-Bit Server VM (23.0.2+7-58) for windows-amd64 JRE (23.0.2+7-58), built on 2024-11-29T09:34:55Z with MS VC++ 17.6 (VS2022)

END.
